c:\users\cxl\source\repos\capston\capston\x64\debug\vc141.pdb
c:\users\cxl\source\repos\capston\capston\x64\debug\vc141.idb
c:\users\cxl\source\repos\capston\capston\x64\debug\battlefield.obj
c:\users\cxl\source\repos\capston\capston\x64\debug\renderer.obj
c:\users\cxl\source\repos\capston\capston\x64\debug\main.obj
c:\users\cxl\source\repos\capston\capston\x64\debug\game.obj
c:\users\cxl\source\repos\capston\capston\x64\debug\controller.obj
c:\users\cxl\source\repos\capston\capston\x64\debug\entity.obj
c:\users\cxl\source\repos\capston\capston\x64\debug\fighterplane.obj
c:\users\cxl\source\repos\capston\capston\x64\debug\bullet.obj
c:\users\cxl\source\repos\capston\capston\x64\debug\bulletflying.obj
c:\users\cxl\source\repos\capston\capston\x64\debug\alienplane.obj
c:\users\cxl\source\repos\capston\x64\debug\capston.pdb
c:\users\cxl\source\repos\capston\capston\x64\debug\capston.tlog\cl.command.1.tlog
c:\users\cxl\source\repos\capston\capston\x64\debug\capston.tlog\cl.read.1.tlog
c:\users\cxl\source\repos\capston\capston\x64\debug\capston.tlog\cl.write.1.tlog
c:\users\cxl\source\repos\capston\capston\x64\debug\capston.tlog\link.16984-cvtres.read.1.tlog
c:\users\cxl\source\repos\capston\capston\x64\debug\capston.tlog\link.16984-cvtres.write.1.tlog
c:\users\cxl\source\repos\capston\capston\x64\debug\capston.tlog\link.16984-rc.read.1.tlog
c:\users\cxl\source\repos\capston\capston\x64\debug\capston.tlog\link.16984-rc.write.1.tlog
c:\users\cxl\source\repos\capston\capston\x64\debug\capston.tlog\link.16984.read.1.tlog
c:\users\cxl\source\repos\capston\capston\x64\debug\capston.tlog\link.16984.write.1.tlog
c:\users\cxl\source\repos\capston\capston\x64\debug\capston.tlog\link.command.1.tlog
c:\users\cxl\source\repos\capston\capston\x64\debug\capston.tlog\link.read.1.tlog
c:\users\cxl\source\repos\capston\capston\x64\debug\capston.tlog\link.write.1.tlog
